POST /api/v1/users/register 500 120 - 146.194 ms
POST /api/v1/users/register 200 200 - 109.647 ms
POST /api/v1/users/login 404 61 - 2.708 ms
POST /api/v1/users/login 404 42 - 13.055 ms
POST /api/v1/users/login 404 53 - 137.971 ms
POST /api/v1/users/login 200 251 - 149.528 ms
POST /api/v1/users/logout 401 31 - 1.899 ms
GET /api/v1/users/logout 401 31 - 0.774 ms
POST /api/v1/users/login 200 251 - 104.092 ms
GET /api/v1/users/logout 500 1682 - 4.505 ms
POST /api/v1/users/login 200 251 - 153.046 ms
GET /api/v1/files/ 200 16 - 4.556 ms
POST /api/v1/files/createDirectory/sashaGrey 500 55 - 29.798 ms
POST /api/v1/files/createDirectory/sashaGrey 500 215 - 33.216 ms
POST /api/v1/files/createDirectory/sasha%20Grey 500 216 - 18.421 ms
POST /api/v1/files/createDirectory/sashaGrey 200 16 - 36.267 ms
POST /api/v1/files/uploadFile/sashaGrey 200 16 - 12.027 ms
POST /api/v1/files/uploadFile/sashaGrey 200 16 - 7.066 ms
POST /api/v1/files/uploadFile/sashaGrey 200 16 - 35.076 ms
POST /api/v1/files/uploadFile/sashaGrey 200 16 - 31.772 ms
POST /api/v1/files/uploadFile/sashaGrey 200 16 - 34.944 ms
POST /api/v1/files/uploadFile/sashaGrey 200 16 - 34.713 ms
POST /api/v1/files/uploadFile/sashaGrey 200 16 - 28.433 ms
POST /api/v1/files/uploadFile/sashaGrey 200 16 - 15.175 ms
POST /api/v1/files/uploadFile/sashaGrey 200 16 - 24.256 ms
GET /api/v1/files/showFiles 200 87 - 9.175 ms
GET /api/v1/files/showFiles/sashaGrey 200 161 - 3.448 ms
POST /api/v1/users/logout 404 159 - 2.349 ms
GET /api/v1/users/logout 200 42 - 1.580 ms
